<?xml version="1.0" encoding="UTF-8"?>
<testng-results ignored="0" total="1" passed="0" failed="0" skipped="1">
  <reporter-output>
  </reporter-output>
  <suite started-at="2024-11-25T20:32:37 IST" name="Default suite" finished-at="2024-11-25T20:32:58 IST" duration-ms="20902">
    <groups>
    </groups>
    <test started-at="2024-11-25T20:32:37 IST" name="Default test" finished-at="2024-11-25T20:32:58 IST" duration-ms="20902">
      <class name="com.qa.alias.tests.TC005_without_vpn_verify_user_is_able_to_add_number_of_products_to_PDP_details_to_excel_with_sell_data2">
        <test-method is-config="true" signature="startAppiumServer()[pri:0, instance:com.qa.alias.tests.TC005_without_vpn_verify_user_is_able_to_add_number_of_products_to_PDP_details_to_excel_with_sell_data2@70325e14]" started-at="2024-11-25T20:32:25 IST" name="startAppiumServer" finished-at="2024-11-25T20:32:37 IST" duration-ms="12661" status="PASS">
          <reporter-output>
          </reporter-output>
        </test-method> <!-- startAppiumServer -->
        <test-method is-config="true" signature="openTheAppliaction()[pri:0, instance:com.qa.alias.tests.TC005_without_vpn_verify_user_is_able_to_add_number_of_products_to_PDP_details_to_excel_with_sell_data2@70325e14]" started-at="2024-11-25T20:32:37 IST" name="openTheAppliaction" finished-at="2024-11-25T20:32:58 IST" duration-ms="20829" status="FAIL">
          <exception class="org.openqa.selenium.SessionNotCreatedException">
            <message>
              <![CDATA[Could not start a new session. Response code 500. Message: An unknown server-side error occurred while processing the command. Original error: Could not find a connected Android device in 20000ms 
Host info: host: 'ISHAN_WORK', ip: '192.168.31.233'
Build info: version: '4.17.0', revision: 'e52b1be057*'
System info: os.name: 'Windows 11', os.arch: 'amd64', os.version: '10.0', java.version: '23'
Driver info: io.appium.java_client.android.AndroidDriver
Command: [null, newSession {desiredCapabilities=Capabilities {app: C:\Users\ishan\eclipse-work..., appActivity: com.onesell.android.main.Ma..., appPackage: org.alias, autoGrantPermissions: true, automationName: UiAutomator2, deviceName: OnePlus, noReset: false, platformName: ANDROID}, capabilities=[{appium:app=C:\Users\ishan\eclipse-workspace\Alias\src\test\resource\config\org_alias_v1.36.1.apk.support.apk, appium:appActivity=com.onesell.android.main.MainActivity, appium:appPackage=org.alias, appium:autoGrantPermissions=true, appium:automationName=UiAutomator2, appium:deviceName=OnePlus, appium:noReset=false, platformName=ANDROID}]}]
Capabilities {app: C:\Users\ishan\eclipse-work..., appActivity: com.onesell.android.main.Ma..., appPackage: org.alias, autoGrantPermissions: true, automationName: UiAutomator2, deviceName: OnePlus, noReset: false, platformName: ANDROID}]]>
            </message>
            <full-stacktrace>
              <![CDATA[org.openqa.selenium.SessionNotCreatedException: Could not start a new session. Response code 500. Message: An unknown server-side error occurred while processing the command. Original error: Could not find a connected Android device in 20000ms 
Host info: host: 'ISHAN_WORK', ip: '192.168.31.233'
Build info: version: '4.17.0', revision: 'e52b1be057*'
System info: os.name: 'Windows 11', os.arch: 'amd64', os.version: '10.0', java.version: '23'
Driver info: io.appium.java_client.android.AndroidDriver
Command: [null, newSession {desiredCapabilities=Capabilities {app: C:\Users\ishan\eclipse-work..., appActivity: com.onesell.android.main.Ma..., appPackage: org.alias, autoGrantPermissions: true, automationName: UiAutomator2, deviceName: OnePlus, noReset: false, platformName: ANDROID}, capabilities=[{appium:app=C:\Users\ishan\eclipse-workspace\Alias\src\test\resource\config\org_alias_v1.36.1.apk.support.apk, appium:appActivity=com.onesell.android.main.MainActivity, appium:appPackage=org.alias, appium:autoGrantPermissions=true, appium:automationName=UiAutomator2, appium:deviceName=OnePlus, appium:noReset=false, platformName=ANDROID}]}]
Capabilities {app: C:\Users\ishan\eclipse-work..., appActivity: com.onesell.android.main.Ma..., appPackage: org.alias, autoGrantPermissions: true, automationName: UiAutomator2, deviceName: OnePlus, noReset: false, platformName: ANDROID}
at org.openqa.selenium.remote.ProtocolHandshake.createSession(ProtocolHandshake.java:139)
at java.base/jdk.internal.reflect.DirectMethodHandleAccessor.invoke(DirectMethodHandleAccessor.java:103)
at java.base/java.lang.reflect.Method.invoke(Method.java:580)
at io.appium.java_client.remote.AppiumProtocolHandshake.createSession(AppiumProtocolHandshake.java:133)
at io.appium.java_client.remote.AppiumProtocolHandshake.createSession(AppiumProtocolHandshake.java:102)
at io.appium.java_client.remote.AppiumCommandExecutor.createSession(AppiumCommandExecutor.java:176)
at io.appium.java_client.remote.AppiumCommandExecutor.execute(AppiumCommandExecutor.java:237)
at org.openqa.selenium.remote.RemoteWebDriver.execute(RemoteWebDriver.java:519)
at io.appium.java_client.AppiumDriver.startSession(AppiumDriver.java:268)
at org.openqa.selenium.remote.RemoteWebDriver.<init>(RemoteWebDriver.java:162)
at io.appium.java_client.AppiumDriver.<init>(AppiumDriver.java:90)
at io.appium.java_client.AppiumDriver.<init>(AppiumDriver.java:102)
at io.appium.java_client.android.AndroidDriver.<init>(AndroidDriver.java:109)
at com.qa.alias.factory.SeleniumFactory.openApkFileAppPackageAndActivity(SeleniumFactory.java:117)
at com.qa.alias.base.TestBase.openTheAppliaction(TestBase.java:126)
at java.base/jdk.internal.reflect.DirectMethodHandleAccessor.invoke(DirectMethodHandleAccessor.java:103)
at java.base/java.lang.reflect.Method.invoke(Method.java:580)
at org.testng.internal.invokers.MethodInvocationHelper.invokeMethod(MethodInvocationHelper.java:139)
at org.testng.internal.invokers.MethodInvocationHelper.invokeMethodConsideringTimeout(MethodInvocationHelper.java:69)
at org.testng.internal.invokers.ConfigInvoker.invokeConfigurationMethod(ConfigInvoker.java:393)
at org.testng.internal.invokers.ConfigInvoker.invokeConfigurations(ConfigInvoker.java:326)
at org.testng.TestRunner.invokeTestConfigurations(TestRunner.java:661)
at org.testng.TestRunner.beforeRun(TestRunner.java:650)
at org.testng.TestRunner.run(TestRunner.java:612)
at org.testng.SuiteRunner.runTest(SuiteRunner.java:443)
at org.testng.SuiteRunner.runSequentially(SuiteRunner.java:437)
at org.testng.SuiteRunner.privateRun(SuiteRunner.java:397)
at org.testng.SuiteRunner.run(SuiteRunner.java:336)
at org.testng.SuiteRunnerWorker.runSuite(SuiteRunnerWorker.java:52)
at org.testng.SuiteRunnerWorker.run(SuiteRunnerWorker.java:95)
at org.testng.TestNG.runSuitesSequentially(TestNG.java:1301)
at org.testng.TestNG.runSuitesLocally(TestNG.java:1228)
at org.testng.TestNG.runSuites(TestNG.java:1134)
at org.testng.TestNG.run(TestNG.java:1101)
at org.testng.remote.AbstractRemoteTestNG.run(AbstractRemoteTestNG.java:115)
at org.testng.remote.RemoteTestNG.initAndRun(RemoteTestNG.java:293)
at org.testng.remote.RemoteTestNG.main(RemoteTestNG.java:91)
]]>
            </full-stacktrace>
          </exception> <!-- org.openqa.selenium.SessionNotCreatedException -->
          <reporter-output>
          </reporter-output>
        </test-method> <!-- openTheAppliaction -->
        <test-method signature="verifyUserIsAbleToAddPDPDetailsToExcel()[pri:0, instance:com.qa.alias.tests.TC005_without_vpn_verify_user_is_able_to_add_number_of_products_to_PDP_details_to_excel_with_sell_data2@70325e14]" started-at="2024-11-25T20:32:58 IST" name="verifyUserIsAbleToAddPDPDetailsToExcel" finished-at="2024-11-25T20:32:58 IST" duration-ms="0" status="SKIP">
          <exception class="org.openqa.selenium.SessionNotCreatedException">
            <message>
              <![CDATA[Could not start a new session. Response code 500. Message: An unknown server-side error occurred while processing the command. Original error: Could not find a connected Android device in 20000ms 
Host info: host: 'ISHAN_WORK', ip: '192.168.31.233'
Build info: version: '4.17.0', revision: 'e52b1be057*'
System info: os.name: 'Windows 11', os.arch: 'amd64', os.version: '10.0', java.version: '23'
Driver info: io.appium.java_client.android.AndroidDriver
Command: [null, newSession {desiredCapabilities=Capabilities {app: C:\Users\ishan\eclipse-work..., appActivity: com.onesell.android.main.Ma..., appPackage: org.alias, autoGrantPermissions: true, automationName: UiAutomator2, deviceName: OnePlus, noReset: false, platformName: ANDROID}, capabilities=[{appium:app=C:\Users\ishan\eclipse-workspace\Alias\src\test\resource\config\org_alias_v1.36.1.apk.support.apk, appium:appActivity=com.onesell.android.main.MainActivity, appium:appPackage=org.alias, appium:autoGrantPermissions=true, appium:automationName=UiAutomator2, appium:deviceName=OnePlus, appium:noReset=false, platformName=ANDROID}]}]
Capabilities {app: C:\Users\ishan\eclipse-work..., appActivity: com.onesell.android.main.Ma..., appPackage: org.alias, autoGrantPermissions: true, automationName: UiAutomator2, deviceName: OnePlus, noReset: false, platformName: ANDROID}]]>
            </message>
            <full-stacktrace>
              <![CDATA[org.openqa.selenium.SessionNotCreatedException: Could not start a new session. Response code 500. Message: An unknown server-side error occurred while processing the command. Original error: Could not find a connected Android device in 20000ms 
Host info: host: 'ISHAN_WORK', ip: '192.168.31.233'
Build info: version: '4.17.0', revision: 'e52b1be057*'
System info: os.name: 'Windows 11', os.arch: 'amd64', os.version: '10.0', java.version: '23'
Driver info: io.appium.java_client.android.AndroidDriver
Command: [null, newSession {desiredCapabilities=Capabilities {app: C:\Users\ishan\eclipse-work..., appActivity: com.onesell.android.main.Ma..., appPackage: org.alias, autoGrantPermissions: true, automationName: UiAutomator2, deviceName: OnePlus, noReset: false, platformName: ANDROID}, capabilities=[{appium:app=C:\Users\ishan\eclipse-workspace\Alias\src\test\resource\config\org_alias_v1.36.1.apk.support.apk, appium:appActivity=com.onesell.android.main.MainActivity, appium:appPackage=org.alias, appium:autoGrantPermissions=true, appium:automationName=UiAutomator2, appium:deviceName=OnePlus, appium:noReset=false, platformName=ANDROID}]}]
Capabilities {app: C:\Users\ishan\eclipse-work..., appActivity: com.onesell.android.main.Ma..., appPackage: org.alias, autoGrantPermissions: true, automationName: UiAutomator2, deviceName: OnePlus, noReset: false, platformName: ANDROID}
at org.openqa.selenium.remote.ProtocolHandshake.createSession(ProtocolHandshake.java:139)
at java.base/jdk.internal.reflect.DirectMethodHandleAccessor.invoke(DirectMethodHandleAccessor.java:103)
at java.base/java.lang.reflect.Method.invoke(Method.java:580)
at io.appium.java_client.remote.AppiumProtocolHandshake.createSession(AppiumProtocolHandshake.java:133)
at io.appium.java_client.remote.AppiumProtocolHandshake.createSession(AppiumProtocolHandshake.java:102)
at io.appium.java_client.remote.AppiumCommandExecutor.createSession(AppiumCommandExecutor.java:176)
at io.appium.java_client.remote.AppiumCommandExecutor.execute(AppiumCommandExecutor.java:237)
at org.openqa.selenium.remote.RemoteWebDriver.execute(RemoteWebDriver.java:519)
at io.appium.java_client.AppiumDriver.startSession(AppiumDriver.java:268)
at org.openqa.selenium.remote.RemoteWebDriver.<init>(RemoteWebDriver.java:162)
at io.appium.java_client.AppiumDriver.<init>(AppiumDriver.java:90)
at io.appium.java_client.AppiumDriver.<init>(AppiumDriver.java:102)
at io.appium.java_client.android.AndroidDriver.<init>(AndroidDriver.java:109)
at com.qa.alias.factory.SeleniumFactory.openApkFileAppPackageAndActivity(SeleniumFactory.java:117)
at com.qa.alias.base.TestBase.openTheAppliaction(TestBase.java:126)
at java.base/jdk.internal.reflect.DirectMethodHandleAccessor.invoke(DirectMethodHandleAccessor.java:103)
at java.base/java.lang.reflect.Method.invoke(Method.java:580)
at org.testng.internal.invokers.MethodInvocationHelper.invokeMethod(MethodInvocationHelper.java:139)
at org.testng.internal.invokers.MethodInvocationHelper.invokeMethodConsideringTimeout(MethodInvocationHelper.java:69)
at org.testng.internal.invokers.ConfigInvoker.invokeConfigurationMethod(ConfigInvoker.java:393)
at org.testng.internal.invokers.ConfigInvoker.invokeConfigurations(ConfigInvoker.java:326)
at org.testng.TestRunner.invokeTestConfigurations(TestRunner.java:661)
at org.testng.TestRunner.beforeRun(TestRunner.java:650)
at org.testng.TestRunner.run(TestRunner.java:612)
at org.testng.SuiteRunner.runTest(SuiteRunner.java:443)
at org.testng.SuiteRunner.runSequentially(SuiteRunner.java:437)
at org.testng.SuiteRunner.privateRun(SuiteRunner.java:397)
at org.testng.SuiteRunner.run(SuiteRunner.java:336)
at org.testng.SuiteRunnerWorker.runSuite(SuiteRunnerWorker.java:52)
at org.testng.SuiteRunnerWorker.run(SuiteRunnerWorker.java:95)
at org.testng.TestNG.runSuitesSequentially(TestNG.java:1301)
at org.testng.TestNG.runSuitesLocally(TestNG.java:1228)
at org.testng.TestNG.runSuites(TestNG.java:1134)
at org.testng.TestNG.run(TestNG.java:1101)
at org.testng.remote.AbstractRemoteTestNG.run(AbstractRemoteTestNG.java:115)
at org.testng.remote.RemoteTestNG.initAndRun(RemoteTestNG.java:293)
at org.testng.remote.RemoteTestNG.main(RemoteTestNG.java:91)
]]>
            </full-stacktrace>
          </exception> <!-- org.openqa.selenium.SessionNotCreatedException -->
          <reporter-output>
          </reporter-output>
        </test-method> <!-- verifyUserIsAbleToAddPDPDetailsToExcel -->
        <test-method is-config="true" signature="tearDown()[pri:0, instance:com.qa.alias.tests.TC005_without_vpn_verify_user_is_able_to_add_number_of_products_to_PDP_details_to_excel_with_sell_data2@70325e14]" started-at="2024-11-25T20:32:58 IST" name="tearDown" finished-at="2024-11-25T20:32:58 IST" duration-ms="0" status="SKIP">
          <reporter-output>
          </reporter-output>
        </test-method> <!-- tearDown -->
        <test-method is-config="true" signature="stopAppiumServer()[pri:0, instance:com.qa.alias.tests.TC005_without_vpn_verify_user_is_able_to_add_number_of_products_to_PDP_details_to_excel_with_sell_data2@70325e14]" started-at="2024-11-25T20:32:58 IST" name="stopAppiumServer" finished-at="2024-11-25T20:32:58 IST" duration-ms="0" status="SKIP">
          <reporter-output>
          </reporter-output>
        </test-method> <!-- stopAppiumServer -->
      </class> <!-- com.qa.alias.tests.TC005_without_vpn_verify_user_is_able_to_add_number_of_products_to_PDP_details_to_excel_with_sell_data2 -->
    </test> <!-- Default test -->
  </suite> <!-- Default suite -->
</testng-results>
