<?xml version="1.0" encoding="UTF-8"?>
<!-- Generated by org.testng.reporters.JUnitXMLReporter -->
<testsuite ignored="0" hostname="5410-TI12897" failures="0" tests="1" name="Verify User Is Able To Add PDP Details To Excel" time="83.681" errors="0" timestamp="2024-10-20T02:44:42 IST">
  <testcase classname="com.qa.alias.tests.TC001_verify_user_is_able_to_add_PDP_details_to_excel" name="verifyUserIsAbleToAddPDPDetailsToExcel" time="61.603"/>
</testsuite> <!-- Verify User Is Able To Add PDP Details To Excel -->
